<?xml version="1.0" encoding="UTF-8"?>
<coverage generated="1659180573066" clover="3.2.0">
  <project timestamp="1659180573067" name="All files">
    <metrics statements="21" coveredstatements="21" conditionals="8" coveredconditionals="5" methods="10" coveredmethods="10" elements="39" coveredelements="36" complexity="0" loc="21" ncloc="21" packages="1" files="4" classes="4"/>
    <file name="api.js" path="C:\Users\ASUS\Desktop\react-native\catbyte\store\api.js">
      <metrics statements="10" coveredstatements="10" conditionals="8" coveredconditionals="5" methods="3" coveredmethods="3"/>
      <line num="4" count="1" type="stmt"/>
      <line num="6" count="5" type="stmt"/>
      <line num="7" count="13" type="cond" truecount="2" falsecount="0"/>
      <line num="8" count="9" type="stmt"/>
      <line num="10" count="4" type="stmt"/>
      <line num="12" count="4" type="cond" truecount="1" falsecount="1"/>
      <line num="13" count="4" type="stmt"/>
      <line num="14" count="4" type="stmt"/>
      <line num="18" count="3" type="cond" truecount="1" falsecount="1"/>
      <line num="20" count="1" type="cond" truecount="1" falsecount="1"/>
    </file>
    <file name="apiActions.js" path="C:\Users\ASUS\Desktop\react-native\catbyte\store\apiActions.js">
      <metrics statements="1" coveredstatements="1" conditionals="0" coveredconditionals="0" methods="0" coveredmethods="0"/>
      <line num="3" count="1" type="stmt"/>
    </file>
    <file name="configureStore.js" path="C:\Users\ASUS\Desktop\react-native\catbyte\store\configureStore.js">
      <metrics statements="1" coveredstatements="1" conditionals="0" coveredconditionals="0" methods="1" coveredmethods="1"/>
      <line num="5" count="5" type="stmt"/>
    </file>
    <file name="users.js" path="C:\Users\ASUS\Desktop\react-native\catbyte\store\users.js">
      <metrics statements="9" coveredstatements="9" conditionals="0" coveredconditionals="0" methods="6" coveredmethods="6"/>
      <line num="4" count="1" type="stmt"/>
      <line num="12" count="4" type="stmt"/>
      <line num="16" count="3" type="stmt"/>
      <line num="17" count="3" type="stmt"/>
      <line num="21" count="1" type="stmt"/>
      <line num="24" count="1" type="stmt"/>
      <line num="29" count="4" type="stmt"/>
      <line num="30" count="4" type="stmt"/>
      <line num="37" count="1" type="stmt"/>
    </file>
  </project>
</coverage>
