{"C:\\Users\\ASUS\\Desktop\\react-native\\catbyte\\store\\api.js": {"path":"C:\\Users\\ASUS\\Desktop\\react-native\\catbyte\\store\\api.js","statementMap":{"0":{"start":{"line":4,"column":15},"end":{"line":4,"column":38}},"1":{"start":{"line":6,"column":12},"end":{"line":22,"column":1}},"2":{"start":{"line":6,"column":28},"end":{"line":22,"column":1}},"3":{"start":{"line":6,"column":35},"end":{"line":22,"column":1}},"4":{"start":{"line":7,"column":4},"end":{"line":9,"column":5}},"5":{"start":{"line":8,"column":8},"end":{"line":8,"column":27}},"6":{"start":{"line":10,"column":42},"end":{"line":10,"column":56}},"7":{"start":{"line":12,"column":4},"end":{"line":12,"column":55}},"8":{"start":{"line":12,"column":16},"end":{"line":12,"column":41}},"9":{"start":{"line":12,"column":42},"end":{"line":12,"column":54}},"10":{"start":{"line":13,"column":4},"end":{"line":21,"column":5}},"11":{"start":{"line":14,"column":19},"end":{"line":17,"column":10}},"12":{"start":{"line":18,"column":9},"end":{"line":18,"column":74}},"13":{"start":{"line":18,"column":23},"end":{"line":18,"column":74}},"14":{"start":{"line":20,"column":8},"end":{"line":20,"column":68}},"15":{"start":{"line":20,"column":20},"end":{"line":20,"column":68}}},"fnMap":{"0":{"name":"(anonymous_0)","decl":{"start":{"line":6,"column":12},"end":{"line":6,"column":13}},"loc":{"start":{"line":6,"column":28},"end":{"line":22,"column":1}},"line":6},"1":{"name":"(anonymous_1)","decl":{"start":{"line":6,"column":28},"end":{"line":6,"column":29}},"loc":{"start":{"line":6,"column":35},"end":{"line":22,"column":1}},"line":6},"2":{"name":"(anonymous_2)","decl":{"start":{"line":6,"column":35},"end":{"line":6,"column":36}},"loc":{"start":{"line":6,"column":50},"end":{"line":22,"column":1}},"line":6}},"branchMap":{"0":{"loc":{"start":{"line":7,"column":4},"end":{"line":9,"column":5}},"type":"if","locations":[{"start":{"line":7,"column":4},"end":{"line":9,"column":5}},{"start":{},"end":{}}],"line":7},"1":{"loc":{"start":{"line":12,"column":4},"end":{"line":12,"column":55}},"type":"if","locations":[{"start":{"line":12,"column":4},"end":{"line":12,"column":55}},{"start":{},"end":{}}],"line":12},"2":{"loc":{"start":{"line":18,"column":9},"end":{"line":18,"column":74}},"type":"if","locations":[{"start":{"line":18,"column":9},"end":{"line":18,"column":74}},{"start":{},"end":{}}],"line":18},"3":{"loc":{"start":{"line":20,"column":8},"end":{"line":20,"column":68}},"type":"if","locations":[{"start":{"line":20,"column":8},"end":{"line":20,"column":68}},{"start":{},"end":{}}],"line":20}},"s":{"0":1,"1":1,"2":5,"3":5,"4":13,"5":9,"6":4,"7":4,"8":4,"9":4,"10":4,"11":4,"12":3,"13":3,"14":1,"15":1},"f":{"0":5,"1":5,"2":13},"b":{"0":[9,4],"1":[4,0],"2":[3,0],"3":[1,0]},"_coverageSchema":"1a1c01bbd47fc00a2c39e90264f33305004495a9","hash":"e2fec9f8dec1fb2306852349356ca5085a2613db"}
,"C:\\Users\\ASUS\\Desktop\\react-native\\catbyte\\store\\apiActions.js": {"path":"C:\\Users\\ASUS\\Desktop\\react-native\\catbyte\\store\\apiActions.js","statementMap":{"0":{"start":{"line":3,"column":28},"end":{"line":3,"column":57}}},"fnMap":{},"branchMap":{},"s":{"0":1},"f":{},"b":{},"_coverageSchema":"1a1c01bbd47fc00a2c39e90264f33305004495a9","hash":"18474ae5aefc5ac422c071c9207aff4864433ed5"}
,"C:\\Users\\ASUS\\Desktop\\react-native\\catbyte\\store\\configureStore.js": {"path":"C:\\Users\\ASUS\\Desktop\\react-native\\catbyte\\store\\configureStore.js","statementMap":{"0":{"start":{"line":5,"column":4},"end":{"line":11,"column":6}}},"fnMap":{"0":{"name":"(anonymous_0)","decl":{"start":{"line":4,"column":15},"end":{"line":4,"column":16}},"loc":{"start":{"line":4,"column":25},"end":{"line":12,"column":1}},"line":4}},"branchMap":{},"s":{"0":5},"f":{"0":5},"b":{},"_coverageSchema":"1a1c01bbd47fc00a2c39e90264f33305004495a9","hash":"010f5eb6c2ebda643ce240778fff13fe88b6c209"}
,"C:\\Users\\ASUS\\Desktop\\react-native\\catbyte\\store\\users.js": {"path":"C:\\Users\\ASUS\\Desktop\\react-native\\catbyte\\store\\users.js","statementMap":{"0":{"start":{"line":4,"column":21},"end":{"line":27,"column":2}},"1":{"start":{"line":12,"column":12},"end":{"line":12,"column":31}},"2":{"start":{"line":16,"column":12},"end":{"line":16,"column":38}},"3":{"start":{"line":17,"column":12},"end":{"line":17,"column":31}},"4":{"start":{"line":21,"column":12},"end":{"line":21,"column":31}},"5":{"start":{"line":24,"column":12},"end":{"line":24,"column":43}},"6":{"start":{"line":29,"column":23},"end":{"line":36,"column":1}},"7":{"start":{"line":29,"column":27},"end":{"line":36,"column":1}},"8":{"start":{"line":30,"column":4},"end":{"line":35,"column":7}},"9":{"start":{"line":37,"column":76},"end":{"line":37,"column":89}}},"fnMap":{"0":{"name":"(anonymous_0)","decl":{"start":{"line":11,"column":23},"end":{"line":11,"column":24}},"loc":{"start":{"line":11,"column":32},"end":{"line":14,"column":9}},"line":11},"1":{"name":"(anonymous_1)","decl":{"start":{"line":15,"column":22},"end":{"line":15,"column":23}},"loc":{"start":{"line":15,"column":38},"end":{"line":19,"column":9}},"line":15},"2":{"name":"(anonymous_2)","decl":{"start":{"line":20,"column":27},"end":{"line":20,"column":28}},"loc":{"start":{"line":20,"column":43},"end":{"line":22,"column":9}},"line":20},"3":{"name":"(anonymous_3)","decl":{"start":{"line":23,"column":18},"end":{"line":23,"column":19}},"loc":{"start":{"line":23,"column":34},"end":{"line":25,"column":9}},"line":23},"4":{"name":"(anonymous_4)","decl":{"start":{"line":29,"column":23},"end":{"line":29,"column":24}},"loc":{"start":{"line":29,"column":27},"end":{"line":36,"column":1}},"line":29},"5":{"name":"(anonymous_5)","decl":{"start":{"line":29,"column":27},"end":{"line":29,"column":28}},"loc":{"start":{"line":29,"column":49},"end":{"line":36,"column":1}},"line":29}},"branchMap":{},"s":{"0":1,"1":4,"2":3,"3":3,"4":1,"5":1,"6":1,"7":4,"8":4,"9":1},"f":{"0":4,"1":3,"2":1,"3":1,"4":4,"5":4},"b":{},"_coverageSchema":"1a1c01bbd47fc00a2c39e90264f33305004495a9","hash":"1bb127abfdc0cc43be48d0ebdc13dfd484414039"}
}
