TN:
SF:store\api.js
FN:6,(anonymous_0)
FN:6,(anonymous_1)
FN:6,(anonymous_2)
FNF:3
FNH:3
FNDA:5,(anonymous_0)
FNDA:5,(anonymous_1)
FNDA:13,(anonymous_2)
DA:4,1
DA:6,5
DA:7,13
DA:8,9
DA:10,4
DA:12,4
DA:13,4
DA:14,4
DA:18,3
DA:20,1
LF:10
LH:10
BRDA:7,0,0,9
BRDA:7,0,1,4
BRDA:12,1,0,4
BRDA:12,1,1,0
BRDA:18,2,0,3
BRDA:18,2,1,0
BRDA:20,3,0,1
BRDA:20,3,1,0
BRF:8
BRH:5
end_of_record
TN:
SF:store\apiActions.js
FNF:0
FNH:0
DA:3,1
LF:1
LH:1
BRF:0
BRH:0
end_of_record
TN:
SF:store\configureStore.js
FN:4,(anonymous_0)
FNF:1
FNH:1
FNDA:5,(anonymous_0)
DA:5,5
LF:1
LH:1
BRF:0
BRH:0
end_of_record
TN:
SF:store\users.js
FN:11,(anonymous_0)
FN:15,(anonymous_1)
FN:20,(anonymous_2)
FN:23,(anonymous_3)
FN:29,(anonymous_4)
FN:29,(anonymous_5)
FNF:6
FNH:6
FNDA:4,(anonymous_0)
FNDA:3,(anonymous_1)
FNDA:1,(anonymous_2)
FNDA:1,(anonymous_3)
FNDA:4,(anonymous_4)
FNDA:4,(anonymous_5)
DA:4,1
DA:12,4
DA:16,3
DA:17,3
DA:21,1
DA:24,1
DA:29,4
DA:30,4
DA:37,1
LF:9
LH:9
BRF:0
BRH:0
end_of_record
